<?xml version="1.0" encoding="windows-1252" standalone="no"?>
<!DOCTYPE log SYSTEM "logger.dtd">
<log>
<record>
  <date>2014-07-12T12:10:18</date>
  <millis>1405147218734</millis>
  <sequence>0</sequence>
  <logger>FlightSystemLogger</logger>
  <level>INFO</level>
  <class>com.mycompany.app.log.LogImpl</class>
  <method>info</method>
  <thread>1</thread>
  <message>INFO: Buidling Graph...</message>
</record>
<record>
  <date>2014-07-12T12:10:29</date>
  <millis>1405147229751</millis>
  <sequence>1</sequence>
  <logger>FlightSystemLogger</logger>
  <level>FINE</level>
  <class>com.mycompany.app.log.LogImpl</class>
  <method>fine</method>
  <thread>1</thread>
  <message>INFO: Closing graph ...</message>
</record>
<record>
  <date>2014-07-12T12:10:29</date>
  <millis>1405147229752</millis>
  <sequence>2</sequence>
  <logger>FlightSystemLogger</logger>
  <level>FINE</level>
  <class>com.mycompany.app.log.LogImpl</class>
  <method>fine</method>
  <thread>1</thread>
  <message>INFO: Closed graph.</message>
</record>
<record>
  <date>2014-07-12T12:10:33</date>
  <millis>1405147233639</millis>
  <sequence>3</sequence>
  <logger>FlightSystemLogger</logger>
  <level>INFO</level>
  <class>com.mycompany.app.log.LogImpl</class>
  <method>info</method>
  <thread>1</thread>
  <message>INFO: Buidling Graph...</message>
</record>
<record>
  <date>2014-07-12T12:10:36</date>
  <millis>1405147236846</millis>
  <sequence>4</sequence>
  <logger>FlightSystemLogger</logger>
  <level>FINE</level>
  <class>com.mycompany.app.log.LogImpl</class>
  <method>fine</method>
  <thread>1</thread>
  <message>INFO: Closing graph ...</message>
</record>
<record>
  <date>2014-07-12T12:10:36</date>
  <millis>1405147236849</millis>
  <sequence>5</sequence>
  <logger>FlightSystemLogger</logger>
  <level>FINE</level>
  <class>com.mycompany.app.log.LogImpl</class>
  <method>fine</method>
  <thread>1</thread>
  <message>INFO: Closed graph.</message>
</record>
